
                            < M A T L A B (R) >
                  Copyright 1984-2018 The MathWorks, Inc.
                   R2018b (9.5.0.944444) 64-bit (glnxa64)
                              August 28, 2018

 
To get started, type doc.
For product information, visit www.mathworks.com.
 
>> >> >> >> >> >> >> >> >> >> >> >> >> >> >> >> >> >> >> >> >> >> >> >> >> >> >> >> >> >> >> >> >> >> >> >> >> >> >> >> >> >> >> >> >> >> >> >> >> >> >> >> >> >> >> >> >> >> >> >> >> >> >> >> >> >> >> >> >> >> >> >> >> >> >> >> >> >> >> >> >> >> >> >> >> >> >> >> >> >> >> >> >> >> >> >> >> >> >> >> >> >> >> >> >> >> >> >> >> >> >> >> >> >> >> >> >> 
ans =

        7556

>> 
ans = 

    "Meet Function Tolerance.
     "

>> >> >> >> >> >> >> >> Find an index-1 saddle point!
Find an index-2 saddle point!
Find an index-3 saddle point!
Find an index-4 saddle point!
Find an index-5 saddle point!
Find an index-5 saddle point!
Find an index-4 saddle point!
Find an index-5 saddle point!
Find an index-5 saddle point!
Find an index-3 saddle point!
Find an index-4 saddle point!
Find an index-5 saddle point!
Find an index-5 saddle point!
Find an index-4 saddle point!
Find an index-5 saddle point!
Find an index-5 saddle point!
Find an index-2 saddle point!
Find an index-3 saddle point!
Find an index-4 saddle point!
Find an index-5 saddle point!
Find an index-5 saddle point!
Find an index-4 saddle point!
Find an index-5 saddle point!
Find an index-5 saddle point!
Find an index-3 saddle point!
Find an index-4 saddle point!
Find an index-5 saddle point!
Find an index-5 saddle point!
Find an index-4 saddle point!
Find an index-5 saddle point!
Find an index-5 saddle point!
>> >> >> 